<?xml version="1.0" encoding="UTF-8"?>
<testsuite xmlns:xsi="http://www.w3.org/2001/XMLSchema-instance" xsi:noNamespaceSchemaLocation="https://maven.apache.org/surefire/maven-surefire-plugin/xsd/surefire-test-report.xsd" name="dao.impl.OrderItemDaoImplTest" time="0" tests="2" errors="0" skipped="0" failures="0">
  <properties>
    <property name="sun.desktop" value="windows"/>
    <property name="awt.toolkit" value="sun.awt.windows.WToolkit"/>
    <property name="file.encoding.pkg" value="sun.io"/>
    <property name="java.specification.version" value="1.8"/>
    <property name="sun.cpu.isalist" value="amd64"/>
    <property name="sun.jnu.encoding" value="GBK"/>
    <property name="java.class.path" value="F:\Book\target\test-classes;F:\Book\target\classes;F:\maven\apache-maven-3.8.3\maven-repo\junit\junit\4.11\junit-4.11.jar;F:\maven\apache-maven-3.8.3\maven-repo\org\hamcrest\hamcrest-core\1.3\hamcrest-core-1.3.jar;F:\maven\apache-maven-3.8.3\maven-repo\com\google\code\gson\gson\2.8.5\gson-2.8.5.jar;F:\maven\apache-maven-3.8.3\maven-repo\javax\servlet\jsp\javax.servlet.jsp-api\2.3.3\javax.servlet.jsp-api-2.3.3.jar;F:\maven\apache-maven-3.8.3\maven-repo\javax\servlet\javax.servlet-api\4.0.1\javax.servlet-api-4.0.1.jar;F:\maven\apache-maven-3.8.3\maven-repo\org\webjars\bower\jquery\3.2.1\jquery-3.2.1.jar;F:\maven\apache-maven-3.8.3\maven-repo\com\alibaba\druid\1.1.10\druid-1.1.10.jar;F:\maven\apache-maven-3.8.3\maven-repo\commons-dbutils\commons-dbutils\1.6\commons-dbutils-1.6.jar;F:\maven\apache-maven-3.8.3\maven-repo\mysql\mysql-connector-java\5.1.37\mysql-connector-java-5.1.37.jar;F:\maven\apache-maven-3.8.3\maven-repo\commons-beanutils\commons-beanutils\1.9.3\commons-beanutils-1.9.3.jar;F:\maven\apache-maven-3.8.3\maven-repo\commons-collections\commons-collections\3.2.2\commons-collections-3.2.2.jar;F:\maven\apache-maven-3.8.3\maven-repo\commons-logging\commons-logging\1.2\commons-logging-1.2.jar;F:\maven\apache-maven-3.8.3\maven-repo\org\apache\taglibs\taglibs-standard-impl\1.2.5\taglibs-standard-impl-1.2.5.jar;F:\maven\apache-maven-3.8.3\maven-repo\org\apache\taglibs\taglibs-standard-spec\1.2.5\taglibs-standard-spec-1.2.5.jar;F:\maven\apache-maven-3.8.3\maven-repo\com\github\penggle\kaptcha\2.3.2\kaptcha-2.3.2.jar;F:\maven\apache-maven-3.8.3\maven-repo\com\jhlabs\filters\2.0.235-1\filters-2.0.235-1.jar;"/>
    <property name="java.vm.vendor" value="Oracle Corporation"/>
    <property name="sun.arch.data.model" value="64"/>
    <property name="user.variant" value=""/>
    <property name="java.vendor.url" value="http://java.oracle.com/"/>
    <property name="user.timezone" value="Asia/Shanghai"/>
    <property name="java.vm.specification.version" value="1.8"/>
    <property name="os.name" value="Windows 10"/>
    <property name="user.country" value="CN"/>
    <property name="sun.java.launcher" value="SUN_STANDARD"/>
    <property name="sun.boot.library.path" value="C:\Program Files\Java\jdk1.8.0_301\jre\bin"/>
    <property name="sun.java.command" value="C:\Users\lenovo\AppData\Local\Temp\surefire5177215216942972216\surefirebooter1563454804476914237.jar C:\Users\lenovo\AppData\Local\Temp\surefire5177215216942972216 2021-11-15T21-43-06_076-jvmRun1 surefire5495351689719542138tmp surefire_0188450157026442121tmp"/>
    <property name="surefire.test.class.path" value="F:\Book\target\test-classes;F:\Book\target\classes;F:\maven\apache-maven-3.8.3\maven-repo\junit\junit\4.11\junit-4.11.jar;F:\maven\apache-maven-3.8.3\maven-repo\org\hamcrest\hamcrest-core\1.3\hamcrest-core-1.3.jar;F:\maven\apache-maven-3.8.3\maven-repo\com\google\code\gson\gson\2.8.5\gson-2.8.5.jar;F:\maven\apache-maven-3.8.3\maven-repo\javax\servlet\jsp\javax.servlet.jsp-api\2.3.3\javax.servlet.jsp-api-2.3.3.jar;F:\maven\apache-maven-3.8.3\maven-repo\javax\servlet\javax.servlet-api\4.0.1\javax.servlet-api-4.0.1.jar;F:\maven\apache-maven-3.8.3\maven-repo\org\webjars\bower\jquery\3.2.1\jquery-3.2.1.jar;F:\maven\apache-maven-3.8.3\maven-repo\com\alibaba\druid\1.1.10\druid-1.1.10.jar;F:\maven\apache-maven-3.8.3\maven-repo\commons-dbutils\commons-dbutils\1.6\commons-dbutils-1.6.jar;F:\maven\apache-maven-3.8.3\maven-repo\mysql\mysql-connector-java\5.1.37\mysql-connector-java-5.1.37.jar;F:\maven\apache-maven-3.8.3\maven-repo\commons-beanutils\commons-beanutils\1.9.3\commons-beanutils-1.9.3.jar;F:\maven\apache-maven-3.8.3\maven-repo\commons-collections\commons-collections\3.2.2\commons-collections-3.2.2.jar;F:\maven\apache-maven-3.8.3\maven-repo\commons-logging\commons-logging\1.2\commons-logging-1.2.jar;F:\maven\apache-maven-3.8.3\maven-repo\org\apache\taglibs\taglibs-standard-impl\1.2.5\taglibs-standard-impl-1.2.5.jar;F:\maven\apache-maven-3.8.3\maven-repo\org\apache\taglibs\taglibs-standard-spec\1.2.5\taglibs-standard-spec-1.2.5.jar;F:\maven\apache-maven-3.8.3\maven-repo\com\github\penggle\kaptcha\2.3.2\kaptcha-2.3.2.jar;F:\maven\apache-maven-3.8.3\maven-repo\com\jhlabs\filters\2.0.235-1\filters-2.0.235-1.jar;"/>
    <property name="sun.cpu.endian" value="little"/>
    <property name="user.home" value="C:\Users\lenovo"/>
    <property name="user.language" value="zh"/>
    <property name="java.specification.vendor" value="Oracle Corporation"/>
    <property name="java.home" value="C:\Program Files\Java\jdk1.8.0_301\jre"/>
    <property name="basedir" value="F:\Book"/>
    <property name="file.separator" value="\"/>
    <property name="line.separator" value="&#10;"/>
    <property name="java.vm.specification.vendor" value="Oracle Corporation"/>
    <property name="java.specification.name" value="Java Platform API Specification"/>
    <property name="java.awt.graphicsenv" value="sun.awt.Win32GraphicsEnvironment"/>
    <property name="surefire.real.class.path" value="C:\Users\lenovo\AppData\Local\Temp\surefire5177215216942972216\surefirebooter1563454804476914237.jar"/>
    <property name="sun.boot.class.path" value="C:\Program Files\Java\jdk1.8.0_301\jre\lib\resources.jar;C:\Program Files\Java\jdk1.8.0_301\jre\lib\rt.jar;C:\Program Files\Java\jdk1.8.0_301\jre\lib\sunrsasign.jar;C:\Program Files\Java\jdk1.8.0_301\jre\lib\jsse.jar;C:\Program Files\Java\jdk1.8.0_301\jre\lib\jce.jar;C:\Program Files\Java\jdk1.8.0_301\jre\lib\charsets.jar;C:\Program Files\Java\jdk1.8.0_301\jre\lib\jfr.jar;C:\Program Files\Java\jdk1.8.0_301\jre\classes"/>
    <property name="user.script" value=""/>
    <property name="sun.management.compiler" value="HotSpot 64-Bit Tiered Compilers"/>
    <property name="java.runtime.version" value="1.8.0_301-b09"/>
    <property name="user.name" value="lenovo"/>
    <property name="path.separator" value=";"/>
    <property name="os.version" value="10.0"/>
    <property name="java.endorsed.dirs" value="C:\Program Files\Java\jdk1.8.0_301\jre\lib\endorsed"/>
    <property name="java.runtime.name" value="Java(TM) SE Runtime Environment"/>
    <property name="file.encoding" value="GBK"/>
    <property name="java.vm.name" value="Java HotSpot(TM) 64-Bit Server VM"/>
    <property name="localRepository" value="F:\maven\apache-maven-3.8.3\maven-repo"/>
    <property name="java.vendor.url.bug" value="http://bugreport.sun.com/bugreport/"/>
    <property name="java.io.tmpdir" value="C:\Users\lenovo\AppData\Local\Temp\"/>
    <property name="idea.version" value="2021.2.2"/>
    <property name="java.version" value="1.8.0_301"/>
    <property name="user.dir" value="F:\Book"/>
    <property name="os.arch" value="amd64"/>
    <property name="java.vm.specification.name" value="Java Virtual Machine Specification"/>
    <property name="java.awt.printerjob" value="sun.awt.windows.WPrinterJob"/>
    <property name="sun.os.patch.level" value=""/>
    <property name="java.library.path" value="C:\Program Files\Java\jdk1.8.0_301\jre\bin;C:\Windows\Sun\Java\bin;C:\Windows\system32;C:\Windows;C:\Program Files (x86)\Common Files\Oracle\Java\javapath;C:\Windows\system32;C:\Windows;C:\Windows\System32\Wbem;C:\Windows\System32\WindowsPowerShell\v1.0\;C:\Windows\System32\OpenSSH\;C:\Program Files\MySQL\MySQL Server 5.5\bin;&quot;;C:\Program Files\Java\jdk1.8.0_301\bin&quot;;F:\maven\apache-maven-3.8.3\bin;C:\Users\lenovo\AppData\Local\Microsoft\WindowsApps;;."/>
    <property name="java.vm.info" value="mixed mode"/>
    <property name="java.vendor" value="Oracle Corporation"/>
    <property name="java.vm.version" value="25.301-b09"/>
    <property name="java.ext.dirs" value="C:\Program Files\Java\jdk1.8.0_301\jre\lib\ext;C:\Windows\Sun\Java\lib\ext"/>
    <property name="sun.io.unicode.encoding" value="UnicodeLittle"/>
    <property name="maven.repo.local" value="F:\maven\apache-maven-3.8.3\maven-repo"/>
    <property name="java.class.version" value="52.0"/>
  </properties>
  <testcase name="testsaveOrderItem" classname="dao.impl.OrderItemDaoImplTest" time="0"/>
  <testcase name="testquery" classname="dao.impl.OrderItemDaoImplTest" time="0"/>
</testsuite>